<?xml version="1.0" encoding="UTF-8"?>
<testng-results skipped="0" failed="1" ignored="0" total="1" passed="0">
  <reporter-output>
    <line>
      <![CDATA[test started-->TS03ProductDetailCheckExternalLinks.checkExternalLinks()[pri:0, instance:com.SeleniumCucumberFM.framework.TestScriptsPOMHybridFM.Product.TS03ProductDetailCheckExternalLinks@54a7079e]]]>
    </line>
    <line>
      <![CDATA[<a href="C:\Users\Aarav\workspace\SeleniumCucumberFM/src/main/java/com/SeleniumCucumberFM/framework/Screenshots/checkExternalLinks_11_46_2018_04_46_09.png"><img src="file;///C:\Users\Aarav\workspace\SeleniumCucumberFM/src/main/java/com/SeleniumCucumberFM/framework/Screenshots/checkExternalLinks_11_46_2018_04_46_09.png" alt=""height='100'/><br/>]]>
    </line>
  </reporter-output>
  <suite name="Suite" duration-ms="59566701" started-at="2018-02-10T18:43:26Z" finished-at="2018-02-11T11:16:13Z">
    <groups>
    </groups>
    <test name="Test" duration-ms="59566701" started-at="2018-02-10T18:43:26Z" finished-at="2018-02-11T11:16:13Z">
      <class name="com.SeleniumCucumberFM.framework.TestScriptsPOMHybridFM.Product.TS03ProductDetailCheckExternalLinks">
        <test-method status="PASS" signature="init()[pri:0, instance:com.SeleniumCucumberFM.framework.TestScriptsPOMHybridFM.Product.TS03ProductDetailCheckExternalLinks@54a7079e]" name="init" is-config="true" duration-ms="59539001" started-at="2018-02-11T00:13:26Z" finished-at="2018-02-11T16:45:45Z">
          <reporter-output>
          </reporter-output>
        </test-method> <!-- init -->
        <test-method status="PASS" signature="beforeMethod(org.testng.ITestResult)[pri:0, instance:com.SeleniumCucumberFM.framework.TestScriptsPOMHybridFM.Product.TS03ProductDetailCheckExternalLinks@54a7079e]" name="beforeMethod" is-config="true" duration-ms="19" started-at="2018-02-11T16:45:45Z" finished-at="2018-02-11T16:45:45Z">
          <params>
            <param index="0">
              <value>
                <![CDATA[[TestResult name=checkExternalLinks status=FAILURE method=TS03ProductDetailCheckExternalLinks.checkExternalLinks()[pri:0, instance:com.SeleniumCucumberFM.framework.TestScriptsPOMHybridFM.Product.TS03ProductDetailCheckExternalLinks@54a7079e] output=test started-->TS03ProductDetailCheckExternalLinks.checkExternalLinks()[pri:0, instance:com.SeleniumCucumberFM.framework.TestScriptsPOMHybridFM.Product.TS03ProductDetailCheckExternalLinks@54a7079e]]]]>
              </value>
            </param>
          </params>
          <reporter-output>
          </reporter-output>
        </test-method> <!-- beforeMethod -->
        <test-method status="FAIL" signature="checkExternalLinks()[pri:0, instance:com.SeleniumCucumberFM.framework.TestScriptsPOMHybridFM.Product.TS03ProductDetailCheckExternalLinks@54a7079e]" name="checkExternalLinks" duration-ms="23180" started-at="2018-02-11T16:45:45Z" finished-at="2018-02-11T16:46:08Z">
          <exception class="org.openqa.selenium.NoSuchElementException">
            <message>
              <![CDATA[no such element: Unable to locate element: {"method":"xpath","selector":"//*[@id='product']/div/div/div[2]/p[7]/button[2]/i"}  (Session info: chrome=64.0.3282.140)  (Driver info: chromedriver=2.33.506120 (e3e53437346286c0bc2d2dc9aa4915ba81d9023f),platform=Windows NT 10.0.16299 x86_64) (WARNING: The server did not provide any stacktrace information)Command duration or timeout: 0 millisecondsFor documentation on this error, please visit: http://seleniumhq.org/exceptions/no_such_element.htmlBuild info: version: '3.6.0', revision: '6fbf3ec767', time: '2017-09-27T15:28:36.4Z'System info: host: 'LAPTOP-V7TVMTLS', ip: '192.168.0.100', os.name: 'Windows 10', os.arch: 'amd64', os.version: '10.0', java.version: '1.8.0_144'Driver info: org.openqa.selenium.chrome.ChromeDriverCapabilities [{mobileEmulationEnabled=false, hasTouchScreen=false, platform=XP, acceptSslCerts=true, webStorageEnabled=true, browserName=chrome, takesScreenshot=true, javascriptEnabled=true, platformName=XP, setWindowRect=true, unexpectedAlertBehaviour=, applicationCacheEnabled=false, rotatable=false, networkConnectionEnabled=false, chrome={chromedriverVersion=2.33.506120 (e3e53437346286c0bc2d2dc9aa4915ba81d9023f), userDataDir=C:\Users\Aarav\AppData\Local\Temp\scoped_dir24948_30826}, takesHeapSnapshot=true, pageLoadStrategy=normal, unhandledPromptBehavior=, databaseEnabled=false, handlesAlerts=true, version=64.0.3282.140, browserConnectionEnabled=false, nativeEvents=true, locationContextEnabled=true, cssSelectorsEnabled=true}]Session ID: 98d712e24475cf26b68a4633b04e9b5a*** Element info: {Using=xpath, value=//*[@id='product']/div/div/div[2]/p[7]/button[2]/i}]]>
            </message>
            <full-stacktrace>
              <![CDATA[org.openqa.selenium.NoSuchElementException: no such element: Unable to locate element: {"method":"xpath","selector":"//*[@id='product']/div/div/div[2]/p[7]/button[2]/i"}  (Session info: chrome=64.0.3282.140)  (Driver info: chromedriver=2.33.506120 (e3e53437346286c0bc2d2dc9aa4915ba81d9023f),platform=Windows NT 10.0.16299 x86_64) (WARNING: The server did not provide any stacktrace information)Command duration or timeout: 0 millisecondsFor documentation on this error, please visit: http://seleniumhq.org/exceptions/no_such_element.htmlBuild info: version: '3.6.0', revision: '6fbf3ec767', time: '2017-09-27T15:28:36.4Z'System info: host: 'LAPTOP-V7TVMTLS', ip: '192.168.0.100', os.name: 'Windows 10', os.arch: 'amd64', os.version: '10.0', java.version: '1.8.0_144'Driver info: org.openqa.selenium.chrome.ChromeDriverCapabilities [{mobileEmulationEnabled=false, hasTouchScreen=false, platform=XP, acceptSslCerts=true, webStorageEnabled=true, browserName=chrome, takesScreenshot=true, javascriptEnabled=true, platformName=XP, setWindowRect=true, unexpectedAlertBehaviour=, applicationCacheEnabled=false, rotatable=false, networkConnectionEnabled=false, chrome={chromedriverVersion=2.33.506120 (e3e53437346286c0bc2d2dc9aa4915ba81d9023f), userDataDir=C:\Users\Aarav\AppData\Local\Temp\scoped_dir24948_30826}, takesHeapSnapshot=true, pageLoadStrategy=normal, unhandledPromptBehavior=, databaseEnabled=false, handlesAlerts=true, version=64.0.3282.140, browserConnectionEnabled=false, nativeEvents=true, locationContextEnabled=true, cssSelectorsEnabled=true}]Session ID: 98d712e24475cf26b68a4633b04e9b5a*** Element info: {Using=xpath, value=//*[@id='product']/div/div/div[2]/p[7]/button[2]/i}at sun.reflect.NativeConstructorAccessorImpl.newInstance0(Native Method)at sun.reflect.NativeConstructorAccessorImpl.newInstance(NativeConstructorAccessorImpl.java:62)at sun.reflect.DelegatingConstructorAccessorImpl.newInstance(DelegatingConstructorAccessorImpl.java:45)at java.lang.reflect.Constructor.newInstance(Constructor.java:423)at org.openqa.selenium.remote.ErrorHandler.createThrowable(ErrorHandler.java:214)at org.openqa.selenium.remote.ErrorHandler.throwIfResponseFailed(ErrorHandler.java:166)at org.openqa.selenium.remote.http.JsonHttpResponseCodec.reconstructValue(JsonHttpResponseCodec.java:40)at org.openqa.selenium.remote.http.AbstractHttpResponseCodec.decode(AbstractHttpResponseCodec.java:82)at org.openqa.selenium.remote.http.AbstractHttpResponseCodec.decode(AbstractHttpResponseCodec.java:45)at org.openqa.selenium.remote.HttpCommandExecutor.execute(HttpCommandExecutor.java:164)at org.openqa.selenium.remote.service.DriverCommandExecutor.execute(DriverCommandExecutor.java:83)at org.openqa.selenium.remote.RemoteWebDriver.execute(RemoteWebDriver.java:586)at org.openqa.selenium.remote.RemoteWebDriver.findElement(RemoteWebDriver.java:356)at org.openqa.selenium.remote.RemoteWebDriver.findElementByXPath(RemoteWebDriver.java:458)at org.openqa.selenium.By$ByXPath.findElement(By.java:361)at org.openqa.selenium.remote.RemoteWebDriver.findElement(RemoteWebDriver.java:348)at org.openqa.selenium.support.pagefactory.DefaultElementLocator.findElement(DefaultElementLocator.java:69)at org.openqa.selenium.support.pagefactory.internal.LocatingElementHandler.invoke(LocatingElementHandler.java:38)at com.sun.proxy.$Proxy12.click(Unknown Source)at com.SeleniumCucumberFM.framework.pageobject.ProductCategoryPage.clickonFacebook(ProductCategoryPage.java:60)at com.SeleniumCucumberFM.framework.TestScriptsPOMHybridFM.Product.TS03ProductDetailCheckExternalLinks.checkExternalLinks(TS03ProductDetailCheckExternalLinks.java:17)at sun.reflect.NativeMethodAccessorImpl.invoke0(Native Method)at sun.reflect.NativeMethodAccessorImpl.invoke(NativeMethodAccessorImpl.java:62)at sun.reflect.DelegatingMethodAccessorImpl.invoke(DelegatingMethodAccessorImpl.java:43)at java.lang.reflect.Method.invoke(Method.java:498)at org.testng.internal.MethodInvocationHelper.invokeMethod(MethodInvocationHelper.java:124)at org.testng.internal.Invoker.invokeMethod(Invoker.java:571)at org.testng.internal.Invoker.invokeTestMethod(Invoker.java:707)at org.testng.internal.Invoker.invokeTestMethods(Invoker.java:979)at org.testng.internal.TestMethodWorker.invokeTestMethods(TestMethodWorker.java:125)at org.testng.internal.TestMethodWorker.run(TestMethodWorker.java:109)at org.testng.TestRunner.privateRun(TestRunner.java:648)at org.testng.TestRunner.run(TestRunner.java:505)at org.testng.SuiteRunner.runTest(SuiteRunner.java:455)at org.testng.SuiteRunner.runSequentially(SuiteRunner.java:450)at org.testng.SuiteRunner.privateRun(SuiteRunner.java:415)at org.testng.SuiteRunner.run(SuiteRunner.java:364)at org.testng.SuiteRunnerWorker.runSuite(SuiteRunnerWorker.java:52)at org.testng.SuiteRunnerWorker.run(SuiteRunnerWorker.java:84)at org.testng.TestNG.runSuitesSequentially(TestNG.java:1187)at org.testng.TestNG.runSuitesLocally(TestNG.java:1116)at org.testng.TestNG.runSuites(TestNG.java:1028)at org.testng.TestNG.run(TestNG.java:996)at org.testng.remote.AbstractRemoteTestNG.run(AbstractRemoteTestNG.java:114)at org.testng.remote.RemoteTestNG.initAndRun(RemoteTestNG.java:251)at org.testng.remote.RemoteTestNG.main(RemoteTestNG.java:77)]]>
            </full-stacktrace>
          </exception> <!-- org.openqa.selenium.NoSuchElementException -->
          <reporter-output>
            <line>
              <![CDATA[test started-->TS03ProductDetailCheckExternalLinks.checkExternalLinks()[pri:0, instance:com.SeleniumCucumberFM.framework.TestScriptsPOMHybridFM.Product.TS03ProductDetailCheckExternalLinks@54a7079e]]]>
            </line>
            <line>
              <![CDATA[<a href="C:\Users\Aarav\workspace\SeleniumCucumberFM/src/main/java/com/SeleniumCucumberFM/framework/Screenshots/checkExternalLinks_11_46_2018_04_46_09.png"><img src="file;///C:\Users\Aarav\workspace\SeleniumCucumberFM/src/main/java/com/SeleniumCucumberFM/framework/Screenshots/checkExternalLinks_11_46_2018_04_46_09.png" alt=""height='100'/><br/>]]>
            </line>
          </reporter-output>
        </test-method> <!-- checkExternalLinks -->
        <test-method status="PASS" signature="afterMethod(org.testng.ITestResult)[pri:0, instance:com.SeleniumCucumberFM.framework.TestScriptsPOMHybridFM.Product.TS03ProductDetailCheckExternalLinks@54a7079e]" name="afterMethod" is-config="true" duration-ms="339" started-at="2018-02-11T16:46:09Z" finished-at="2018-02-11T16:46:09Z">
          <params>
            <param index="0">
              <value>
                <![CDATA[[TestResult name=checkExternalLinks status=FAILURE method=TS03ProductDetailCheckExternalLinks.checkExternalLinks()[pri:0, instance:com.SeleniumCucumberFM.framework.TestScriptsPOMHybridFM.Product.TS03ProductDetailCheckExternalLinks@54a7079e] output=test started-->TS03ProductDetailCheckExternalLinks.checkExternalLinks()[pri:0, instance:com.SeleniumCucumberFM.framework.TestScriptsPOMHybridFM.Product.TS03ProductDetailCheckExternalLinks@54a7079e]]]]>
              </value>
            </param>
          </params>
          <reporter-output>
          </reporter-output>
        </test-method> <!-- afterMethod -->
        <test-method status="PASS" signature="endTest()[pri:0, instance:com.SeleniumCucumberFM.framework.TestScriptsPOMHybridFM.Product.TS03ProductDetailCheckExternalLinks@54a7079e]" name="endTest" is-config="true" duration-ms="3329" started-at="2018-02-11T16:46:09Z" finished-at="2018-02-11T16:46:13Z">
          <reporter-output>
          </reporter-output>
        </test-method> <!-- endTest -->
      </class> <!-- com.SeleniumCucumberFM.framework.TestScriptsPOMHybridFM.Product.TS03ProductDetailCheckExternalLinks -->
    </test> <!-- Test -->
  </suite> <!-- Suite -->
</testng-results>
