<html>
<head>
<title>TestNG:  TestRegistration3</title>
<link href="../testng.css" rel="stylesheet" type="text/css" />
<link href="../my-testng.css" rel="stylesheet" type="text/css" />

<style type="text/css">
.log { display: none;} 
.stack-trace { display: none;} 
</style>
<script type="text/javascript">
<!--
function flip(e) {
  current = e.style.display;
  if (current == 'block') {
    e.style.display = 'none';
    return 0;
  }
  else {
    e.style.display = 'block';
    return 1;
  }
}

function toggleBox(szDivId, elem, msg1, msg2)
{
  var res = -1;  if (document.getElementById) {
    res = flip(document.getElementById(szDivId));
  }
  else if (document.all) {
    // this is the way old msie versions work
    res = flip(document.all[szDivId]);
  }
  if(elem) {
    if(res == 0) elem.innerHTML = msg1; else elem.innerHTML = msg2;
  }

}

function toggleAllBoxes() {
  if (document.getElementsByTagName) {
    d = document.getElementsByTagName('div');
    for (i = 0; i < d.length; i++) {
      if (d[i].className == 'log') {
        flip(d[i]);
      }
    }
  }
}

// -->
</script>

</head>
<body>
<h2 align='center'>TestRegistration3</h2><table border='1' align="center">
<tr>
<td>Tests passed/Failed/Skipped:</td><td>2/1/1</td>
</tr><tr>
<td>Started on:</td><td>Sun Feb 11 16:12:04 IST 2018</td>
</tr>
<tr><td>Total time:</td><td>101 seconds (101550 ms)</td>
</tr><tr>
<td>Included groups:</td><td></td>
</tr><tr>
<td>Excluded groups:</td><td></td>
</tr>
</table><p/>
<small><i>(Hover the method name to see the test class name)</i></small><p/>
<table width='100%' border='1' class='invocation-failed'>
<tr><td colspan='4' align='center'><b>FAILED CONFIGURATIONS</b></td></tr>
<tr><td><b>Test method</b></td>
<td width="30%"><b>Exception</b></td>
<td width="10%"><b>Time (seconds)</b></td>
<td><b>Instance</b></td>
</tr>
<tr>
<td title='com.SeleniumCucumberFM.framework.TestScriptsPOMHybridFM.Registration.TS01Registration.afterMethod()'><b>afterMethod</b><br>Test class: com.SeleniumCucumberFM.framework.TestScriptsPOMHybridFM.Registration.TS01Registration<br>Parameters: [TestResult name=doRegistration status=FAILURE method=TS01Registration.doRegistration(java.lang.String, java.lang.String, java.lang.String, java.lang.String, java.lang.String, java.lang.String, java.lang.String, java.lang.String, java.lang.String, java.lang.String, java.lang.String, java.lang.String, java.lang.String, java.lang.String, java.lang.String, java.lang.String)[pri:0, instance:com.SeleniumCucumberFM.framework.TestScriptsPOMHybridFM.Registration.TS01Registration@27fe3806] output={null}]</td>
<td><div><pre>org.openqa.selenium.NoSuchSessionException: Session ID is null. Using WebDriver after calling quit()?
Build info: version: &apos;3.6.0&apos;, revision: &apos;6fbf3ec767&apos;, time: &apos;2017-09-27T15:28:36.4Z&apos;
System info: host: &apos;LAPTOP-V7TVMTLS&apos;, ip: &apos;192.168.0.100&apos;, os.name: &apos;Windows 10&apos;, os.arch: &apos;amd64&apos;, os.version: &apos;10.0&apos;, java.version: &apos;1.8.0_144&apos;
Driver info: driver.version: RemoteWebDriver
	at org.openqa.selenium.remote.HttpCommandExecutor.execute(HttpCommandExecutor.java:131)
	at org.openqa.selenium.remote.service.DriverCommandExecutor.execute(DriverCommandExecutor.java:83)
	at org.openqa.selenium.remote.RemoteWebDriver.execute(RemoteWebDriver.java:586)
	at org.openqa.selenium.remote.RemoteWebDriver.execute(RemoteWebDriver.java:643)
	at org.openqa.selenium.remote.RemoteWebDriver.getScreenshotAs(RemoteWebDriver.java:328)
	at com.SeleniumCucumberFM.framework.helper.CustomListner.ScreenshotCapture.getScreenShot(ScreenshotCapture.java:27)
	at com.SeleniumCucumberFM.framework.helper.CustomListner.ExtentListner.getResults(ExtentListner.java:22)
	at com.SeleniumCucumberFM.framework.helper.TestBase.TestBasePOMHybrid.afterMethod(TestBasePOMHybrid.java:237)
	at java.util.concurrent.ThreadPoolExecutor.runWorker(ThreadPoolExecutor.java:1149)
	at java.util.concurrent.ThreadPoolExecutor$Worker.run(ThreadPoolExecutor.java:624)
	at java.lang.Thread.run(Thread.java:748)
... Removed 13 stack frames</pre></div><a href='#' onClick='toggleBox("stack-trace1967464558", this, "Click to show all stack frames", "Click to hide stack frames")'>Click to show all stack frames</a>
<div class='stack-trace' id='stack-trace1967464558'><pre>org.openqa.selenium.NoSuchSessionException: Session ID is null. Using WebDriver after calling quit()?
Build info: version: &apos;3.6.0&apos;, revision: &apos;6fbf3ec767&apos;, time: &apos;2017-09-27T15:28:36.4Z&apos;
System info: host: &apos;LAPTOP-V7TVMTLS&apos;, ip: &apos;192.168.0.100&apos;, os.name: &apos;Windows 10&apos;, os.arch: &apos;amd64&apos;, os.version: &apos;10.0&apos;, java.version: &apos;1.8.0_144&apos;
Driver info: driver.version: RemoteWebDriver
	at org.openqa.selenium.remote.HttpCommandExecutor.execute(HttpCommandExecutor.java:131)
	at org.openqa.selenium.remote.service.DriverCommandExecutor.execute(DriverCommandExecutor.java:83)
	at org.openqa.selenium.remote.RemoteWebDriver.execute(RemoteWebDriver.java:586)
	at org.openqa.selenium.remote.RemoteWebDriver.execute(RemoteWebDriver.java:643)
	at org.openqa.selenium.remote.RemoteWebDriver.getScreenshotAs(RemoteWebDriver.java:328)
	at com.SeleniumCucumberFM.framework.helper.CustomListner.ScreenshotCapture.getScreenShot(ScreenshotCapture.java:27)
	at com.SeleniumCucumberFM.framework.helper.CustomListner.ExtentListner.getResults(ExtentListner.java:22)
	at com.SeleniumCucumberFM.framework.helper.TestBase.TestBasePOMHybrid.afterMethod(TestBasePOMHybrid.java:237)
	at sun.reflect.NativeMethodAccessorImpl.invoke0(Native Method)
	at sun.reflect.NativeMethodAccessorImpl.invoke(NativeMethodAccessorImpl.java:62)
	at sun.reflect.DelegatingMethodAccessorImpl.invoke(DelegatingMethodAccessorImpl.java:43)
	at java.lang.reflect.Method.invoke(Method.java:498)
	at org.testng.internal.MethodInvocationHelper.invokeMethod(MethodInvocationHelper.java:124)
	at org.testng.internal.MethodInvocationHelper.invokeMethodConsideringTimeout(MethodInvocationHelper.java:59)
	at org.testng.internal.Invoker.invokeConfigurationMethod(Invoker.java:451)
	at org.testng.internal.Invoker.invokeConfigurations(Invoker.java:222)
	at org.testng.internal.Invoker.invokeMethod(Invoker.java:634)
	at org.testng.internal.Invoker.invokeTestMethod(Invoker.java:707)
	at org.testng.internal.Invoker.invokeTestMethods(Invoker.java:979)
	at org.testng.internal.TestMethodWorker.invokeTestMethods(TestMethodWorker.java:125)
	at org.testng.internal.TestMethodWorker.run(TestMethodWorker.java:109)
	at java.util.concurrent.ThreadPoolExecutor.runWorker(ThreadPoolExecutor.java:1149)
	at java.util.concurrent.ThreadPoolExecutor$Worker.run(ThreadPoolExecutor.java:624)
	at java.lang.Thread.run(Thread.java:748)
</pre></div></td>
<td>0</td>
<td>com.SeleniumCucumberFM.framework.TestScriptsPOMHybridFM.Registration.TS01Registration@27fe3806</td></tr>
<tr>
<td title='com.SeleniumCucumberFM.framework.TestScriptsPOMHybridFM.CheckWebeventListner.endTest()'><b>endTest</b><br>Test class: com.SeleniumCucumberFM.framework.TestScriptsPOMHybridFM.CheckWebeventListner</td>
<td><div><pre>java.lang.NullPointerException
	at com.SeleniumCucumberFM.framework.TestScriptsPOMHybridFM.CheckWebeventListner.endTest(CheckWebeventListner.java:258)
	at java.util.concurrent.ThreadPoolExecutor.runWorker(ThreadPoolExecutor.java:1149)
	at java.util.concurrent.ThreadPoolExecutor$Worker.run(ThreadPoolExecutor.java:624)
	at java.lang.Thread.run(Thread.java:748)
... Removed 11 stack frames</pre></div><a href='#' onClick='toggleBox("stack-trace1418630227", this, "Click to show all stack frames", "Click to hide stack frames")'>Click to show all stack frames</a>
<div class='stack-trace' id='stack-trace1418630227'><pre>java.lang.NullPointerException
	at com.SeleniumCucumberFM.framework.TestScriptsPOMHybridFM.CheckWebeventListner.endTest(CheckWebeventListner.java:258)
	at sun.reflect.NativeMethodAccessorImpl.invoke0(Native Method)
	at sun.reflect.NativeMethodAccessorImpl.invoke(NativeMethodAccessorImpl.java:62)
	at sun.reflect.DelegatingMethodAccessorImpl.invoke(DelegatingMethodAccessorImpl.java:43)
	at java.lang.reflect.Method.invoke(Method.java:498)
	at org.testng.internal.MethodInvocationHelper.invokeMethod(MethodInvocationHelper.java:124)
	at org.testng.internal.MethodInvocationHelper.invokeMethodConsideringTimeout(MethodInvocationHelper.java:59)
	at org.testng.internal.Invoker.invokeConfigurationMethod(Invoker.java:451)
	at org.testng.internal.Invoker.invokeConfigurations(Invoker.java:222)
	at org.testng.internal.Invoker.invokeConfigurations(Invoker.java:142)
	at org.testng.internal.TestMethodWorker.invokeAfterClassMethods(TestMethodWorker.java:208)
	at org.testng.internal.TestMethodWorker.run(TestMethodWorker.java:111)
	at java.util.concurrent.ThreadPoolExecutor.runWorker(ThreadPoolExecutor.java:1149)
	at java.util.concurrent.ThreadPoolExecutor$Worker.run(ThreadPoolExecutor.java:624)
	at java.lang.Thread.run(Thread.java:748)
</pre></div></td>
<td>0</td>
<td>com.SeleniumCucumberFM.framework.TestScriptsPOMHybridFM.CheckWebeventListner@5f71c76a</td></tr>
</table><p>
<table width='100%' border='1' class='invocation-skipped'>
<tr><td colspan='4' align='center'><b>SKIPPED CONFIGURATIONS</b></td></tr>
<tr><td><b>Test method</b></td>
<td width="30%"><b>Exception</b></td>
<td width="10%"><b>Time (seconds)</b></td>
<td><b>Instance</b></td>
</tr>
<tr>
<td title='com.SeleniumCucumberFM.framework.TestScriptsPOMHybridFM.Registration.TS01Registration.beforeMethod()'><b>beforeMethod</b><br>Test class: com.SeleniumCucumberFM.framework.TestScriptsPOMHybridFM.Registration.TS01Registration</td>
<td></td>
<td>0</td>
<td>com.SeleniumCucumberFM.framework.TestScriptsPOMHybridFM.Registration.TS01Registration@27fe3806</td></tr>
<tr>
<td title='com.SeleniumCucumberFM.framework.TestScriptsPOMHybridFM.Registration.TS01Registration.afterMethod()'><b>afterMethod</b><br>Test class: com.SeleniumCucumberFM.framework.TestScriptsPOMHybridFM.Registration.TS01Registration</td>
<td></td>
<td>0</td>
<td>com.SeleniumCucumberFM.framework.TestScriptsPOMHybridFM.Registration.TS01Registration@27fe3806</td></tr>
<tr>
<td title='com.SeleniumCucumberFM.framework.TestScriptsPOMHybridFM.Registration.TS01Registration.endTest()'><b>endTest</b><br>Test class: com.SeleniumCucumberFM.framework.TestScriptsPOMHybridFM.Registration.TS01Registration</td>
<td></td>
<td>0</td>
<td>com.SeleniumCucumberFM.framework.TestScriptsPOMHybridFM.Registration.TS01Registration@27fe3806</td></tr>
</table><p>
<table width='100%' border='1' class='invocation-failed'>
<tr><td colspan='4' align='center'><b>FAILED TESTS</b></td></tr>
<tr><td><b>Test method</b></td>
<td width="30%"><b>Exception</b></td>
<td width="10%"><b>Time (seconds)</b></td>
<td><b>Instance</b></td>
</tr>
<tr>
<td title='com.SeleniumCucumberFM.framework.TestScriptsPOMHybridFM.Registration.TS01Registration.doRegistration()'><b>doRegistration</b><br>Test class: com.SeleniumCucumberFM.framework.TestScriptsPOMHybridFM.Registration.TS01Registration<br>Parameters: aarunshi, km, success, 3, march, 001, antariksh, kanbal, BS, house, noida, Arizona, india, 000, 88776655, add</td>
<td><div><pre>java.lang.AssertionError: Registration page  open expected [true] but found [false]
	at com.SeleniumCucumberFM.framework.TestScriptsPOMHybridFM.Registration.TS01Registration.doRegistration(TS01Registration.java:61)
	at java.util.concurrent.ThreadPoolExecutor.runWorker(ThreadPoolExecutor.java:1149)
	at java.util.concurrent.ThreadPoolExecutor$Worker.run(ThreadPoolExecutor.java:624)
	at java.lang.Thread.run(Thread.java:748)
... Removed 13 stack frames</pre></div><a href='#' onClick='toggleBox("stack-trace1769797265", this, "Click to show all stack frames", "Click to hide stack frames")'>Click to show all stack frames</a>
<div class='stack-trace' id='stack-trace1769797265'><pre>java.lang.AssertionError: Registration page  open expected [true] but found [false]
	at org.testng.Assert.fail(Assert.java:96)
	at org.testng.Assert.failNotEquals(Assert.java:776)
	at org.testng.Assert.assertTrue(Assert.java:44)
	at com.SeleniumCucumberFM.framework.TestScriptsPOMHybridFM.Registration.TS01Registration.doRegistration(TS01Registration.java:61)
	at sun.reflect.NativeMethodAccessorImpl.invoke0(Native Method)
	at sun.reflect.NativeMethodAccessorImpl.invoke(NativeMethodAccessorImpl.java:62)
	at sun.reflect.DelegatingMethodAccessorImpl.invoke(DelegatingMethodAccessorImpl.java:43)
	at java.lang.reflect.Method.invoke(Method.java:498)
	at org.testng.internal.MethodInvocationHelper.invokeMethod(MethodInvocationHelper.java:124)
	at org.testng.internal.Invoker.invokeMethod(Invoker.java:571)
	at org.testng.internal.Invoker.invokeTestMethod(Invoker.java:707)
	at org.testng.internal.Invoker.invokeTestMethods(Invoker.java:979)
	at org.testng.internal.TestMethodWorker.invokeTestMethods(TestMethodWorker.java:125)
	at org.testng.internal.TestMethodWorker.run(TestMethodWorker.java:109)
	at java.util.concurrent.ThreadPoolExecutor.runWorker(ThreadPoolExecutor.java:1149)
	at java.util.concurrent.ThreadPoolExecutor$Worker.run(ThreadPoolExecutor.java:624)
	at java.lang.Thread.run(Thread.java:748)
</pre></div></td>
<td>9</td>
<td>com.SeleniumCucumberFM.framework.TestScriptsPOMHybridFM.Registration.TS01Registration@27fe3806</td></tr>
</table><p>
<table width='100%' border='1' class='invocation-passed'>
<tr><td colspan='4' align='center'><b>PASSED TESTS</b></td></tr>
<tr><td><b>Test method</b></td>
<td width="30%"><b>Exception</b></td>
<td width="10%"><b>Time (seconds)</b></td>
<td><b>Instance</b></td>
</tr>
<tr>
<td title='com.SeleniumCucumberFM.framework.TestScriptsPOMHybridFM.CheckWebeventListner.checkWebEventListner()'><b>checkWebEventListner</b><br>Test class: com.SeleniumCucumberFM.framework.TestScriptsPOMHybridFM.CheckWebeventListner<br/>
<a href="#Output-1491732754" onClick='toggleBox("Output-1491732754", this, "Show output", "Hide output");'>Show output</a>

<a href="#Output-1491732754" onClick="toggleAllBoxes();">Show all outputs</a>
<div class='log' id="Output-1491732754">
beforeclass<br/>
aarunshi1<br/>
aarunshi2<br/>
listnen<br/>
</div>
</td>
<td></td>
<td>46</td>
<td>com.SeleniumCucumberFM.framework.TestScriptsPOMHybridFM.CheckWebeventListner@5f71c76a</td></tr>
<tr>
<td title='com.SeleniumCucumberFM.framework.Runner.ProductCategory.TestTotalNoOfProductRunner.runScenario()'><b>runScenario</b><br>Test class: com.SeleniumCucumberFM.framework.Runner.ProductCategory.TestTotalNoOfProductRunner<br>Test method: Runs Cucumber Scenarios<br>Parameters: "Verify Total no of women dress products", "Product Category"<br/>
<a href="#Output-456111162" onClick='toggleBox("Output-456111162", this, "Show output", "Hide output");'>Show output</a>

<a href="#Output-456111162" onClick="toggleAllBoxes();">Show all outputs</a>
<div class='log' id="Output-456111162">
<div "result">Navigate to application (PASSED : 36s)</div><br/>
<div "result">user click on women navigation menu (PASSED : 7s)</div><br/>
<div "result">verify total no of products is &quot;7&quot; (PASSED : 0s)</div><br/>
</div>
</td>
<td></td>
<td>101</td>
<td>com.SeleniumCucumberFM.framework.Runner.ProductCategory.TestTotalNoOfProductRunner@1d7acb34</td></tr>
</table><p>
<table width='100%' border='1' class='invocation-skipped'>
<tr><td colspan='4' align='center'><b>SKIPPED TESTS</b></td></tr>
<tr><td><b>Test method</b></td>
<td width="30%"><b>Exception</b></td>
<td width="10%"><b>Time (seconds)</b></td>
<td><b>Instance</b></td>
</tr>
<tr>
<td title='com.SeleniumCucumberFM.framework.TestScriptsPOMHybridFM.Registration.TS01Registration.multitest()'><b>multitest</b><br>Test class: com.SeleniumCucumberFM.framework.TestScriptsPOMHybridFM.Registration.TS01Registration</td>
<td><div><pre>org.openqa.selenium.NoSuchSessionException: Session ID is null. Using WebDriver after calling quit()?
Build info: version: &apos;3.6.0&apos;, revision: &apos;6fbf3ec767&apos;, time: &apos;2017-09-27T15:28:36.4Z&apos;
System info: host: &apos;LAPTOP-V7TVMTLS&apos;, ip: &apos;192.168.0.100&apos;, os.name: &apos;Windows 10&apos;, os.arch: &apos;amd64&apos;, os.version: &apos;10.0&apos;, java.version: &apos;1.8.0_144&apos;
Driver info: driver.version: RemoteWebDriver
	at org.openqa.selenium.remote.HttpCommandExecutor.execute(HttpCommandExecutor.java:131)
	at org.openqa.selenium.remote.service.DriverCommandExecutor.execute(DriverCommandExecutor.java:83)
	at org.openqa.selenium.remote.RemoteWebDriver.execute(RemoteWebDriver.java:586)
	at org.openqa.selenium.remote.RemoteWebDriver.execute(RemoteWebDriver.java:643)
	at org.openqa.selenium.remote.RemoteWebDriver.getScreenshotAs(RemoteWebDriver.java:328)
	at com.SeleniumCucumberFM.framework.helper.CustomListner.ScreenshotCapture.getScreenShot(ScreenshotCapture.java:27)
	at com.SeleniumCucumberFM.framework.helper.CustomListner.ExtentListner.getResults(ExtentListner.java:22)
	at com.SeleniumCucumberFM.framework.helper.TestBase.TestBasePOMHybrid.afterMethod(TestBasePOMHybrid.java:237)
	at java.util.concurrent.ThreadPoolExecutor.runWorker(ThreadPoolExecutor.java:1149)
	at java.util.concurrent.ThreadPoolExecutor$Worker.run(ThreadPoolExecutor.java:624)
	at java.lang.Thread.run(Thread.java:748)
... Removed 13 stack frames</pre></div><a href='#' onClick='toggleBox("stack-trace2037701721", this, "Click to show all stack frames", "Click to hide stack frames")'>Click to show all stack frames</a>
<div class='stack-trace' id='stack-trace2037701721'><pre>org.openqa.selenium.NoSuchSessionException: Session ID is null. Using WebDriver after calling quit()?
Build info: version: &apos;3.6.0&apos;, revision: &apos;6fbf3ec767&apos;, time: &apos;2017-09-27T15:28:36.4Z&apos;
System info: host: &apos;LAPTOP-V7TVMTLS&apos;, ip: &apos;192.168.0.100&apos;, os.name: &apos;Windows 10&apos;, os.arch: &apos;amd64&apos;, os.version: &apos;10.0&apos;, java.version: &apos;1.8.0_144&apos;
Driver info: driver.version: RemoteWebDriver
	at org.openqa.selenium.remote.HttpCommandExecutor.execute(HttpCommandExecutor.java:131)
	at org.openqa.selenium.remote.service.DriverCommandExecutor.execute(DriverCommandExecutor.java:83)
	at org.openqa.selenium.remote.RemoteWebDriver.execute(RemoteWebDriver.java:586)
	at org.openqa.selenium.remote.RemoteWebDriver.execute(RemoteWebDriver.java:643)
	at org.openqa.selenium.remote.RemoteWebDriver.getScreenshotAs(RemoteWebDriver.java:328)
	at com.SeleniumCucumberFM.framework.helper.CustomListner.ScreenshotCapture.getScreenShot(ScreenshotCapture.java:27)
	at com.SeleniumCucumberFM.framework.helper.CustomListner.ExtentListner.getResults(ExtentListner.java:22)
	at com.SeleniumCucumberFM.framework.helper.TestBase.TestBasePOMHybrid.afterMethod(TestBasePOMHybrid.java:237)
	at sun.reflect.NativeMethodAccessorImpl.invoke0(Native Method)
	at sun.reflect.NativeMethodAccessorImpl.invoke(NativeMethodAccessorImpl.java:62)
	at sun.reflect.DelegatingMethodAccessorImpl.invoke(DelegatingMethodAccessorImpl.java:43)
	at java.lang.reflect.Method.invoke(Method.java:498)
	at org.testng.internal.MethodInvocationHelper.invokeMethod(MethodInvocationHelper.java:124)
	at org.testng.internal.MethodInvocationHelper.invokeMethodConsideringTimeout(MethodInvocationHelper.java:59)
	at org.testng.internal.Invoker.invokeConfigurationMethod(Invoker.java:451)
	at org.testng.internal.Invoker.invokeConfigurations(Invoker.java:222)
	at org.testng.internal.Invoker.invokeMethod(Invoker.java:634)
	at org.testng.internal.Invoker.invokeTestMethod(Invoker.java:707)
	at org.testng.internal.Invoker.invokeTestMethods(Invoker.java:979)
	at org.testng.internal.TestMethodWorker.invokeTestMethods(TestMethodWorker.java:125)
	at org.testng.internal.TestMethodWorker.run(TestMethodWorker.java:109)
	at java.util.concurrent.ThreadPoolExecutor.runWorker(ThreadPoolExecutor.java:1149)
	at java.util.concurrent.ThreadPoolExecutor$Worker.run(ThreadPoolExecutor.java:624)
	at java.lang.Thread.run(Thread.java:748)
</pre></div></td>
<td>0</td>
<td>com.SeleniumCucumberFM.framework.TestScriptsPOMHybridFM.Registration.TS01Registration@27fe3806</td></tr>
</table><p>
</body>
</html>