<?xml version="1.0" encoding="UTF-8"?>
<!-- Generated by org.testng.reporters.JUnitXMLReporter -->
<testsuite hostname="LAPTOP-V7TVMTLS" ignored="0" name="TestRegistration3" tests="4" failures="1" timestamp="11 Feb 2018 10:43:45 GMT" time="101.55" errors="0">
  <testcase name="@AfterClass endTest" time="0.001" classname="com.SeleniumCucumberFM.framework.TestScriptsPOMHybridFM.CheckWebeventListner">
    <failure type="java.lang.NullPointerException">
      <![CDATA[java.lang.NullPointerExceptionat com.SeleniumCucumberFM.framework.TestScriptsPOMHybridFM.CheckWebeventListner.endTest(CheckWebeventListner.java:258)at java.util.concurrent.ThreadPoolExecutor.runWorker(ThreadPoolExecutor.java:1149)at java.util.concurrent.ThreadPoolExecutor$Worker.run(ThreadPoolExecutor.java:624)at java.lang.Thread.run(Thread.java:748)... Removed 11 stack frames]]>
    </failure>
  </testcase> <!-- @AfterClass endTest -->
  <testcase name="@AfterMethod afterMethod" time="0.0" classname="com.SeleniumCucumberFM.framework.helper.TestBase.TestBasePOMHybrid">
    <failure type="org.openqa.selenium.NoSuchSessionException" message="Session ID is null. Using WebDriver after calling quit()?
Build info: version: &amp;apos;3.6.0&amp;apos;, revision: &amp;apos;6fbf3ec767&amp;apos;, time: &amp;apos;2017-09-27T15:28:36.4Z&amp;apos;
System info: host: &amp;apos;LAPTOP-V7TVMTLS&amp;apos;, ip: &amp;apos;192.168.0.100&amp;apos;, os.name: &amp;apos;Windows 10&amp;apos;, os.arch: &amp;apos;amd64&amp;apos;, os.version: &amp;apos;10.0&amp;apos;, java.version: &amp;apos;1.8.0_144&amp;apos;
Driver info: driver.version: RemoteWebDriver">
      <![CDATA[org.openqa.selenium.NoSuchSessionException: Session ID is null. Using WebDriver after calling quit()?Build info: version: '3.6.0', revision: '6fbf3ec767', time: '2017-09-27T15:28:36.4Z'System info: host: 'LAPTOP-V7TVMTLS', ip: '192.168.0.100', os.name: 'Windows 10', os.arch: 'amd64', os.version: '10.0', java.version: '1.8.0_144'Driver info: driver.version: RemoteWebDriverat org.openqa.selenium.remote.HttpCommandExecutor.execute(HttpCommandExecutor.java:131)at org.openqa.selenium.remote.service.DriverCommandExecutor.execute(DriverCommandExecutor.java:83)at org.openqa.selenium.remote.RemoteWebDriver.execute(RemoteWebDriver.java:586)at org.openqa.selenium.remote.RemoteWebDriver.execute(RemoteWebDriver.java:643)at org.openqa.selenium.remote.RemoteWebDriver.getScreenshotAs(RemoteWebDriver.java:328)at com.SeleniumCucumberFM.framework.helper.CustomListner.ScreenshotCapture.getScreenShot(ScreenshotCapture.java:27)at com.SeleniumCucumberFM.framework.helper.CustomListner.ExtentListner.getResults(ExtentListner.java:22)at com.SeleniumCucumberFM.framework.helper.TestBase.TestBasePOMHybrid.afterMethod(TestBasePOMHybrid.java:237)at java.util.concurrent.ThreadPoolExecutor.runWorker(ThreadPoolExecutor.java:1149)at java.util.concurrent.ThreadPoolExecutor$Worker.run(ThreadPoolExecutor.java:624)at java.lang.Thread.run(Thread.java:748)... Removed 13 stack frames]]>
    </failure>
  </testcase> <!-- @AfterMethod afterMethod -->
  <testcase name="@BeforeMethod beforeMethod" time="0.0" classname="com.SeleniumCucumberFM.framework.helper.TestBase.TestBasePOMHybrid">
    <skipped/>
  </testcase> <!-- @BeforeMethod beforeMethod -->
  <testcase name="@AfterMethod afterMethod" time="0.0" classname="com.SeleniumCucumberFM.framework.helper.TestBase.TestBasePOMHybrid">
    <skipped/>
  </testcase> <!-- @AfterMethod afterMethod -->
  <testcase name="@AfterClass endTest" time="0.0" classname="com.SeleniumCucumberFM.framework.helper.TestBase.TestBasePOMHybrid">
    <skipped/>
  </testcase> <!-- @AfterClass endTest -->
  <testcase name="checkWebEventListner" time="46.858" classname="com.SeleniumCucumberFM.framework.TestScriptsPOMHybridFM.CheckWebeventListner"/>
  <testcase name="doRegistration" time="9.591" classname="com.SeleniumCucumberFM.framework.TestScriptsPOMHybridFM.Registration.TS01Registration">
    <failure type="java.lang.AssertionError" message="Registration page  open expected [true] but found [false]">
      <![CDATA[java.lang.AssertionError: Registration page  open expected [true] but found [false]at com.SeleniumCucumberFM.framework.TestScriptsPOMHybridFM.Registration.TS01Registration.doRegistration(TS01Registration.java:61)at java.util.concurrent.ThreadPoolExecutor.runWorker(ThreadPoolExecutor.java:1149)at java.util.concurrent.ThreadPoolExecutor$Worker.run(ThreadPoolExecutor.java:624)at java.lang.Thread.run(Thread.java:748)... Removed 13 stack frames]]>
    </failure>
  </testcase> <!-- doRegistration -->
  <testcase name="multitest" time="0.0" classname="com.SeleniumCucumberFM.framework.TestScriptsPOMHybridFM.Registration.TS01Registration">
    <skipped/>
  </testcase> <!-- multitest -->
  <testcase name="runScenario" time="101.372" classname="cucumber.api.testng.AbstractTestNGCucumberTests"/>
</testsuite> <!-- TestRegistration3 -->
